This is pdfTeX, Version 3.141592653-2.6-1.40.24 (TeX Live 2022 - Spack) (preloaded format=pdflatex 2024.5.7)  26 AUG 2025 05:25
entering extended mode
 \write18 enabled.
 %&-line parsing enabled.
**/mnt/home/lvanson/ASBE-course/practicum/session1/MESA_session1.tex
(/mnt/home/lvanson/ASBE-course/practicum/session1/MESA_session1.tex
LaTeX2e <2021-11-15> patch level 1
L3 programming layer <2022-02-24> (/mnt/sw/nix/store/80wb60hk9c9hbi1rzbnr6kdbbjknp4ch-texlive-20220321/texmf-dist/tex/latex/base/article.cls
Document Class: article 2021/10/04 v1.4n Standard LaTeX document class
(/mnt/sw/nix/store/80wb60hk9c9hbi1rzbnr6kdbbjknp4ch-texlive-20220321/texmf-dist/tex/latex/base/size11.clo
File: size11.clo 2021/10/04 v1.4n Standard LaTeX file (size option)
)
\c@part=\count185
\c@section=\count186
\c@subsection=\count187
\c@subsubsection=\count188
\c@paragraph=\count189
\c@subparagraph=\count190
\c@figure=\count191
\c@table=\count192
\abovecaptionskip=\skip47
\belowcaptionskip=\skip48
\bibindent=\dimen138
) (/mnt/sw/nix/store/80wb60hk9c9hbi1rzbnr6kdbbjknp4ch-texlive-20220321/texmf-dist/tex/latex/base/inputenc.sty
Package: inputenc 2021/02/14 v1.3d Input encoding file
\inpenc@prehook=\toks16
\inpenc@posthook=\toks17
) (/mnt/sw/nix/store/80wb60hk9c9hbi1rzbnr6kdbbjknp4ch-texlive-20220321/texmf-dist/tex/latex/geometry/geometry.sty
Package: geometry 2020/01/02 v5.9 Page Geometry
 (/mnt/sw/nix/store/80wb60hk9c9hbi1rzbnr6kdbbjknp4ch-texlive-20220321/texmf-dist/tex/latex/graphics/keyval.sty
Package: keyval 2014/10/28 v1.15 key=value parser (DPC)
\KV@toks@=\toks18
) (/mnt/sw/nix/store/80wb60hk9c9hbi1rzbnr6kdbbjknp4ch-texlive-20220321/texmf-dist/tex/generic/iftex/ifvtex.sty
Package: ifvtex 2019/10/25 v1.7 ifvtex legacy package. Use iftex instead.
 (/mnt/sw/nix/store/80wb60hk9c9hbi1rzbnr6kdbbjknp4ch-texlive-20220321/texmf-dist/tex/generic/iftex/iftex.sty
Package: iftex 2022/02/03 v1.0f TeX engine tests
))
\Gm@cnth=\count193
\Gm@cntv=\count194
\c@Gm@tempcnt=\count195
\Gm@bindingoffset=\dimen139
\Gm@wd@mp=\dimen140
\Gm@odd@mp=\dimen141
\Gm@even@mp=\dimen142
\Gm@layoutwidth=\dimen143
\Gm@layoutheight=\dimen144
\Gm@layouthoffset=\dimen145
\Gm@layoutvoffset=\dimen146
\Gm@dimlist=\toks19
) (/mnt/sw/nix/store/80wb60hk9c9hbi1rzbnr6kdbbjknp4ch-texlive-20220321/texmf-dist/tex/latex/natbib/natbib.sty
Package: natbib 2010/09/13 8.31b (PWD, AO)
\bibhang=\skip49
\bibsep=\skip50
LaTeX Info: Redefining \cite on input line 694.
\c@NAT@ctr=\count196
) (/mnt/sw/nix/store/80wb60hk9c9hbi1rzbnr6kdbbjknp4ch-texlive-20220321/texmf-dist/tex/latex/hyperref/hyperref.sty
Package: hyperref 2022-02-21 v7.00n Hypertext links for LaTeX
 (/mnt/sw/nix/store/80wb60hk9c9hbi1rzbnr6kdbbjknp4ch-texlive-20220321/texmf-dist/tex/generic/ltxcmds/ltxcmds.sty
Package: ltxcmds 2020-05-10 v1.25 LaTeX kernel commands for general use (HO)
) (/mnt/sw/nix/store/80wb60hk9c9hbi1rzbnr6kdbbjknp4ch-texlive-20220321/texmf-dist/tex/generic/pdftexcmds/pdftexcmds.sty
Package: pdftexcmds 2020-06-27 v0.33 Utility functions of pdfTeX for LuaTeX (HO)
 (/mnt/sw/nix/store/80wb60hk9c9hbi1rzbnr6kdbbjknp4ch-texlive-20220321/texmf-dist/tex/generic/infwarerr/infwarerr.sty
Package: infwarerr 2019/12/03 v1.5 Providing info/warning/error messages (HO)
)
Package pdftexcmds Info: \pdf@primitive is available.
Package pdftexcmds Info: \pdf@ifprimitive is available.
Package pdftexcmds Info: \pdfdraftmode found.
) (/mnt/sw/nix/store/80wb60hk9c9hbi1rzbnr6kdbbjknp4ch-texlive-20220321/texmf-dist/tex/generic/kvsetkeys/kvsetkeys.sty
Package: kvsetkeys 2019/12/15 v1.18 Key value parser (HO)
) (/mnt/sw/nix/store/80wb60hk9c9hbi1rzbnr6kdbbjknp4ch-texlive-20220321/texmf-dist/tex/generic/kvdefinekeys/kvdefinekeys.sty
Package: kvdefinekeys 2019-12-19 v1.6 Define keys (HO)
) (/mnt/sw/nix/store/80wb60hk9c9hbi1rzbnr6kdbbjknp4ch-texlive-20220321/texmf-dist/tex/generic/pdfescape/pdfescape.sty
Package: pdfescape 2019/12/09 v1.15 Implements pdfTeX's escape features (HO)
) (/mnt/sw/nix/store/80wb60hk9c9hbi1rzbnr6kdbbjknp4ch-texlive-20220321/texmf-dist/tex/latex/hycolor/hycolor.sty
Package: hycolor 2020-01-27 v1.10 Color options for hyperref/bookmark (HO)
) (/mnt/sw/nix/store/80wb60hk9c9hbi1rzbnr6kdbbjknp4ch-texlive-20220321/texmf-dist/tex/latex/letltxmacro/letltxmacro.sty
Package: letltxmacro 2019/12/03 v1.6 Let assignment for LaTeX macros (HO)
) (/mnt/sw/nix/store/80wb60hk9c9hbi1rzbnr6kdbbjknp4ch-texlive-20220321/texmf-dist/tex/latex/auxhook/auxhook.sty
Package: auxhook 2019-12-17 v1.6 Hooks for auxiliary files (HO)
) (/mnt/sw/nix/store/80wb60hk9c9hbi1rzbnr6kdbbjknp4ch-texlive-20220321/texmf-dist/tex/latex/kvoptions/kvoptions.sty
Package: kvoptions 2020-10-07 v3.14 Key value format for package options (HO)
)
\@linkdim=\dimen147
\Hy@linkcounter=\count197
\Hy@pagecounter=\count198
 (/mnt/sw/nix/store/80wb60hk9c9hbi1rzbnr6kdbbjknp4ch-texlive-20220321/texmf-dist/tex/latex/hyperref/pd1enc.def
File: pd1enc.def 2022-02-21 v7.00n Hyperref: PDFDocEncoding definition (HO)
Now handling font encoding PD1 ...
... no UTF-8 mapping file for font encoding PD1
) (/mnt/sw/nix/store/80wb60hk9c9hbi1rzbnr6kdbbjknp4ch-texlive-20220321/texmf-dist/tex/generic/intcalc/intcalc.sty
Package: intcalc 2019/12/15 v1.3 Expandable calculations with integers (HO)
) (/mnt/sw/nix/store/80wb60hk9c9hbi1rzbnr6kdbbjknp4ch-texlive-20220321/texmf-dist/tex/generic/etexcmds/etexcmds.sty
Package: etexcmds 2019/12/15 v1.7 Avoid name clashes with e-TeX commands (HO)
)
\Hy@SavedSpaceFactor=\count199
 (/mnt/sw/nix/store/80wb60hk9c9hbi1rzbnr6kdbbjknp4ch-texlive-20220321/texmf-dist/tex/latex/hyperref/puenc.def
File: puenc.def 2022-02-21 v7.00n Hyperref: PDF Unicode definition (HO)
Now handling font encoding PU ...
... no UTF-8 mapping file for font encoding PU
)
Package hyperref Info: Hyper figures OFF on input line 4137.
Package hyperref Info: Link nesting OFF on input line 4142.
Package hyperref Info: Hyper index ON on input line 4145.
Package hyperref Info: Plain pages OFF on input line 4152.
Package hyperref Info: Backreferencing OFF on input line 4157.
Package hyperref Info: Implicit mode ON; LaTeX internals redefined.
Package hyperref Info: Bookmarks ON on input line 4390.
\c@Hy@tempcnt=\count266
 (/mnt/sw/nix/store/80wb60hk9c9hbi1rzbnr6kdbbjknp4ch-texlive-20220321/texmf-dist/tex/latex/url/url.sty
\Urlmuskip=\muskip16
Package: url 2013/09/16  ver 3.4  Verb mode for urls, etc.
)
LaTeX Info: Redefining \url on input line 4749.
\XeTeXLinkMargin=\dimen148
 (/mnt/sw/nix/store/80wb60hk9c9hbi1rzbnr6kdbbjknp4ch-texlive-20220321/texmf-dist/tex/generic/bitset/bitset.sty
Package: bitset 2019/12/09 v1.3 Handle bit-vector datatype (HO)
 (/mnt/sw/nix/store/80wb60hk9c9hbi1rzbnr6kdbbjknp4ch-texlive-20220321/texmf-dist/tex/generic/bigintcalc/bigintcalc.sty
Package: bigintcalc 2019/12/15 v1.5 Expandable calculations on big integers (HO)
))
\Fld@menulength=\count267
\Field@Width=\dimen149
\Fld@charsize=\dimen150
Package hyperref Info: Hyper figures OFF on input line 6027.
Package hyperref Info: Link nesting OFF on input line 6032.
Package hyperref Info: Hyper index ON on input line 6035.
Package hyperref Info: backreferencing OFF on input line 6042.
Package hyperref Info: Link coloring OFF on input line 6047.
Package hyperref Info: Link coloring with OCG OFF on input line 6052.
Package hyperref Info: PDF/A mode OFF on input line 6057.
LaTeX Info: Redefining \ref on input line 6097.
LaTeX Info: Redefining \pageref on input line 6101.
 (/mnt/sw/nix/store/80wb60hk9c9hbi1rzbnr6kdbbjknp4ch-texlive-20220321/texmf-dist/tex/latex/base/atbegshi-ltx.sty
Package: atbegshi-ltx 2021/01/10 v1.0c Emulation of the original atbegshi
package with kernel methods
)
\Hy@abspage=\count268
\c@Item=\count269
\c@Hfootnote=\count270
)
Package hyperref Info: Driver (autodetected): hpdftex.
 (/mnt/sw/nix/store/80wb60hk9c9hbi1rzbnr6kdbbjknp4ch-texlive-20220321/texmf-dist/tex/latex/hyperref/hpdftex.def
File: hpdftex.def 2022-02-21 v7.00n Hyperref driver for pdfTeX
 (/mnt/sw/nix/store/80wb60hk9c9hbi1rzbnr6kdbbjknp4ch-texlive-20220321/texmf-dist/tex/latex/base/atveryend-ltx.sty
Package: atveryend-ltx 2020/08/19 v1.0a Emulation of the original atveryend package
with kernel methods
)
\Fld@listcount=\count271
\c@bookmark@seq@number=\count272
 (/mnt/sw/nix/store/80wb60hk9c9hbi1rzbnr6kdbbjknp4ch-texlive-20220321/texmf-dist/tex/latex/rerunfilecheck/rerunfilecheck.sty
Package: rerunfilecheck 2019/12/05 v1.9 Rerun checks for auxiliary files (HO)
 (/mnt/sw/nix/store/80wb60hk9c9hbi1rzbnr6kdbbjknp4ch-texlive-20220321/texmf-dist/tex/generic/uniquecounter/uniquecounter.sty
Package: uniquecounter 2019/12/15 v1.4 Provide unlimited unique counter (HO)
)
Package uniquecounter Info: New unique counter `rerunfilecheck' on input line 286.
)
\Hy@SectionHShift=\skip51
) (/mnt/sw/nix/store/80wb60hk9c9hbi1rzbnr6kdbbjknp4ch-texlive-20220321/texmf-dist/tex/latex/enumitem/enumitem.sty
Package: enumitem 2019/06/20 v3.9 Customized lists
\labelindent=\skip52
\enit@outerparindent=\dimen151
\enit@toks=\toks20
\enit@inbox=\box50
\enit@count@id=\count273
\enitdp@description=\count274
) (/mnt/sw/nix/store/80wb60hk9c9hbi1rzbnr6kdbbjknp4ch-texlive-20220321/texmf-dist/tex/latex/xcolor/xcolor.sty
Package: xcolor 2021/10/31 v2.13 LaTeX color extensions (UK)
 (/mnt/sw/nix/store/80wb60hk9c9hbi1rzbnr6kdbbjknp4ch-texlive-20220321/texmf-dist/tex/latex/graphics-cfg/color.cfg
File: color.cfg 2016/01/02 v1.6 sample color configuration
)
Package xcolor Info: Driver file: pdftex.def on input line 227.
 (/mnt/sw/nix/store/80wb60hk9c9hbi1rzbnr6kdbbjknp4ch-texlive-20220321/texmf-dist/tex/latex/graphics-def/pdftex.def
File: pdftex.def 2020/10/05 v1.2a Graphics/color driver for pdftex
)
Package xcolor Info: Model `cmy' substituted by `cmy0' on input line 1352.
Package xcolor Info: Model `hsb' substituted by `rgb' on input line 1356.
Package xcolor Info: Model `RGB' extended on input line 1368.
Package xcolor Info: Model `HTML' substituted by `rgb' on input line 1370.
Package xcolor Info: Model `Hsb' substituted by `hsb' on input line 1371.
Package xcolor Info: Model `tHsb' substituted by `hsb' on input line 1372.
Package xcolor Info: Model `HSB' substituted by `hsb' on input line 1373.
Package xcolor Info: Model `Gray' substituted by `gray' on input line 1374.
Package xcolor Info: Model `wave' substituted by `hsb' on input line 1375.
) (/mnt/sw/nix/store/80wb60hk9c9hbi1rzbnr6kdbbjknp4ch-texlive-20220321/texmf-dist/tex/latex/listings/listings.sty
\lst@mode=\count275
\lst@gtempboxa=\box51
\lst@token=\toks21
\lst@length=\count276
\lst@currlwidth=\dimen152
\lst@column=\count277
\lst@pos=\count278
\lst@lostspace=\dimen153
\lst@width=\dimen154
\lst@newlines=\count279
\lst@lineno=\count280
\lst@maxwidth=\dimen155
 (/mnt/sw/nix/store/80wb60hk9c9hbi1rzbnr6kdbbjknp4ch-texlive-20220321/texmf-dist/tex/latex/listings/lstmisc.sty
File: lstmisc.sty 2020/03/24 1.8d (Carsten Heinz)
\c@lstnumber=\count281
\lst@skipnumbers=\count282
\lst@framebox=\box52
) (/mnt/sw/nix/store/80wb60hk9c9hbi1rzbnr6kdbbjknp4ch-texlive-20220321/texmf-dist/tex/latex/listings/listings.cfg
File: listings.cfg 2020/03/24 1.8d listings configuration
))
Package: listings 2020/03/24 1.8d (Carsten Heinz)
 (/mnt/sw/nix/store/80wb60hk9c9hbi1rzbnr6kdbbjknp4ch-texlive-20220321/texmf-dist/tex/latex/listings/lstlang1.sty
File: lstlang1.sty 2020/03/24 1.8d listings language file
) (/mnt/sw/nix/store/80wb60hk9c9hbi1rzbnr6kdbbjknp4ch-texlive-20220321/texmf-dist/tex/latex/listings/lstlang1.sty
File: lstlang1.sty 2020/03/24 1.8d listings language file
) (/mnt/sw/nix/store/80wb60hk9c9hbi1rzbnr6kdbbjknp4ch-texlive-20220321/texmf-dist/tex/latex/tcolorbox/tcolorbox.sty
Package: tcolorbox 2022/01/07 version 5.0.2 text color boxes
 (/mnt/sw/nix/store/80wb60hk9c9hbi1rzbnr6kdbbjknp4ch-texlive-20220321/texmf-dist/tex/latex/pgf/basiclayer/pgf.sty (/mnt/sw/nix/store/80wb60hk9c9hbi1rzbnr6kdbbjknp4ch-texlive-20220321/texmf-dist/tex/latex/pgf/utilities/pgfrcs.sty (/mnt/sw/nix/store/80wb60hk9c9hbi1rzbnr6kdbbjknp4ch-texlive-20220321/texmf-dist/tex/generic/pgf/utilities/pgfutil-common.tex
\pgfutil@everybye=\toks22
\pgfutil@tempdima=\dimen156
\pgfutil@tempdimb=\dimen157
 (/mnt/sw/nix/store/80wb60hk9c9hbi1rzbnr6kdbbjknp4ch-texlive-20220321/texmf-dist/tex/generic/pgf/utilities/pgfutil-common-lists.tex)) (/mnt/sw/nix/store/80wb60hk9c9hbi1rzbnr6kdbbjknp4ch-texlive-20220321/texmf-dist/tex/generic/pgf/utilities/pgfutil-latex.def
\pgfutil@abb=\box53
) (/mnt/sw/nix/store/80wb60hk9c9hbi1rzbnr6kdbbjknp4ch-texlive-20220321/texmf-dist/tex/generic/pgf/utilities/pgfrcs.code.tex (/mnt/sw/nix/store/80wb60hk9c9hbi1rzbnr6kdbbjknp4ch-texlive-20220321/texmf-dist/tex/generic/pgf/pgf.revision.tex)
Package: pgfrcs 2021/05/15 v3.1.9a (3.1.9a)
))
Package: pgf 2021/05/15 v3.1.9a (3.1.9a)
 (/mnt/sw/nix/store/80wb60hk9c9hbi1rzbnr6kdbbjknp4ch-texlive-20220321/texmf-dist/tex/latex/pgf/basiclayer/pgfcore.sty (/mnt/sw/nix/store/80wb60hk9c9hbi1rzbnr6kdbbjknp4ch-texlive-20220321/texmf-dist/tex/latex/graphics/graphicx.sty
Package: graphicx 2021/09/16 v1.2d Enhanced LaTeX Graphics (DPC,SPQR)
 (/mnt/sw/nix/store/80wb60hk9c9hbi1rzbnr6kdbbjknp4ch-texlive-20220321/texmf-dist/tex/latex/graphics/graphics.sty
Package: graphics 2021/03/04 v1.4d Standard LaTeX Graphics (DPC,SPQR)
 (/mnt/sw/nix/store/80wb60hk9c9hbi1rzbnr6kdbbjknp4ch-texlive-20220321/texmf-dist/tex/latex/graphics/trig.sty
Package: trig 2021/08/11 v1.11 sin cos tan (DPC)
) (/mnt/sw/nix/store/80wb60hk9c9hbi1rzbnr6kdbbjknp4ch-texlive-20220321/texmf-dist/tex/latex/graphics-cfg/graphics.cfg
File: graphics.cfg 2016/06/04 v1.11 sample graphics configuration
)
Package graphics Info: Driver file: pdftex.def on input line 107.
)
\Gin@req@height=\dimen158
\Gin@req@width=\dimen159
) (/mnt/sw/nix/store/80wb60hk9c9hbi1rzbnr6kdbbjknp4ch-texlive-20220321/texmf-dist/tex/latex/pgf/systemlayer/pgfsys.sty (/mnt/sw/nix/store/80wb60hk9c9hbi1rzbnr6kdbbjknp4ch-texlive-20220321/texmf-dist/tex/generic/pgf/systemlayer/pgfsys.code.tex
Package: pgfsys 2021/05/15 v3.1.9a (3.1.9a)
 (/mnt/sw/nix/store/80wb60hk9c9hbi1rzbnr6kdbbjknp4ch-texlive-20220321/texmf-dist/tex/generic/pgf/utilities/pgfkeys.code.tex
\pgfkeys@pathtoks=\toks23
\pgfkeys@temptoks=\toks24
 (/mnt/sw/nix/store/80wb60hk9c9hbi1rzbnr6kdbbjknp4ch-texlive-20220321/texmf-dist/tex/generic/pgf/utilities/pgfkeysfiltered.code.tex
\pgfkeys@tmptoks=\toks25
))
\pgf@x=\dimen160
\pgf@y=\dimen161
\pgf@xa=\dimen162
\pgf@ya=\dimen163
\pgf@xb=\dimen164
\pgf@yb=\dimen165
\pgf@xc=\dimen166
\pgf@yc=\dimen167
\pgf@xd=\dimen168
\pgf@yd=\dimen169
\w@pgf@writea=\write3
\r@pgf@reada=\read2
\c@pgf@counta=\count283
\c@pgf@countb=\count284
\c@pgf@countc=\count285
\c@pgf@countd=\count286
\t@pgf@toka=\toks26
\t@pgf@tokb=\toks27
\t@pgf@tokc=\toks28
\pgf@sys@id@count=\count287
 (/mnt/sw/nix/store/80wb60hk9c9hbi1rzbnr6kdbbjknp4ch-texlive-20220321/texmf-dist/tex/generic/pgf/systemlayer/pgf.cfg
File: pgf.cfg 2021/05/15 v3.1.9a (3.1.9a)
)
Driver file for pgf: pgfsys-pdftex.def
 (/mnt/sw/nix/store/80wb60hk9c9hbi1rzbnr6kdbbjknp4ch-texlive-20220321/texmf-dist/tex/generic/pgf/systemlayer/pgfsys-pdftex.def
File: pgfsys-pdftex.def 2021/05/15 v3.1.9a (3.1.9a)
 (/mnt/sw/nix/store/80wb60hk9c9hbi1rzbnr6kdbbjknp4ch-texlive-20220321/texmf-dist/tex/generic/pgf/systemlayer/pgfsys-common-pdf.def
File: pgfsys-common-pdf.def 2021/05/15 v3.1.9a (3.1.9a)
))) (/mnt/sw/nix/store/80wb60hk9c9hbi1rzbnr6kdbbjknp4ch-texlive-20220321/texmf-dist/tex/generic/pgf/systemlayer/pgfsyssoftpath.code.tex
File: pgfsyssoftpath.code.tex 2021/05/15 v3.1.9a (3.1.9a)
\pgfsyssoftpath@smallbuffer@items=\count288
\pgfsyssoftpath@bigbuffer@items=\count289
) (/mnt/sw/nix/store/80wb60hk9c9hbi1rzbnr6kdbbjknp4ch-texlive-20220321/texmf-dist/tex/generic/pgf/systemlayer/pgfsysprotocol.code.tex
File: pgfsysprotocol.code.tex 2021/05/15 v3.1.9a (3.1.9a)
)) (/mnt/sw/nix/store/80wb60hk9c9hbi1rzbnr6kdbbjknp4ch-texlive-20220321/texmf-dist/tex/generic/pgf/basiclayer/pgfcore.code.tex
Package: pgfcore 2021/05/15 v3.1.9a (3.1.9a)
 (/mnt/sw/nix/store/80wb60hk9c9hbi1rzbnr6kdbbjknp4ch-texlive-20220321/texmf-dist/tex/generic/pgf/math/pgfmath.code.tex (/mnt/sw/nix/store/80wb60hk9c9hbi1rzbnr6kdbbjknp4ch-texlive-20220321/texmf-dist/tex/generic/pgf/math/pgfmathcalc.code.tex (/mnt/sw/nix/store/80wb60hk9c9hbi1rzbnr6kdbbjknp4ch-texlive-20220321/texmf-dist/tex/generic/pgf/math/pgfmathutil.code.tex) (/mnt/sw/nix/store/80wb60hk9c9hbi1rzbnr6kdbbjknp4ch-texlive-20220321/texmf-dist/tex/generic/pgf/math/pgfmathparser.code.tex
\pgfmath@dimen=\dimen170
\pgfmath@count=\count290
\pgfmath@box=\box54
\pgfmath@toks=\toks29
\pgfmath@stack@operand=\toks30
\pgfmath@stack@operation=\toks31
) (/mnt/sw/nix/store/80wb60hk9c9hbi1rzbnr6kdbbjknp4ch-texlive-20220321/texmf-dist/tex/generic/pgf/math/pgfmathfunctions.code.tex (/mnt/sw/nix/store/80wb60hk9c9hbi1rzbnr6kdbbjknp4ch-texlive-20220321/texmf-dist/tex/generic/pgf/math/pgfmathfunctions.basic.code.tex) (/mnt/sw/nix/store/80wb60hk9c9hbi1rzbnr6kdbbjknp4ch-texlive-20220321/texmf-dist/tex/generic/pgf/math/pgfmathfunctions.trigonometric.code.tex) (/mnt/sw/nix/store/80wb60hk9c9hbi1rzbnr6kdbbjknp4ch-texlive-20220321/texmf-dist/tex/generic/pgf/math/pgfmathfunctions.random.code.tex) (/mnt/sw/nix/store/80wb60hk9c9hbi1rzbnr6kdbbjknp4ch-texlive-20220321/texmf-dist/tex/generic/pgf/math/pgfmathfunctions.comparison.code.tex) (/mnt/sw/nix/store/80wb60hk9c9hbi1rzbnr6kdbbjknp4ch-texlive-20220321/texmf-dist/tex/generic/pgf/math/pgfmathfunctions.base.code.tex) (/mnt/sw/nix/store/80wb60hk9c9hbi1rzbnr6kdbbjknp4ch-texlive-20220321/texmf-dist/tex/generic/pgf/math/pgfmathfunctions.round.code.tex) (/mnt/sw/nix/store/80wb60hk9c9hbi1rzbnr6kdbbjknp4ch-texlive-20220321/texmf-dist/tex/generic/pgf/math/pgfmathfunctions.misc.code.tex) (/mnt/sw/nix/store/80wb60hk9c9hbi1rzbnr6kdbbjknp4ch-texlive-20220321/texmf-dist/tex/generic/pgf/math/pgfmathfunctions.integerarithmetics.code.tex))) (/mnt/sw/nix/store/80wb60hk9c9hbi1rzbnr6kdbbjknp4ch-texlive-20220321/texmf-dist/tex/generic/pgf/math/pgfmathfloat.code.tex
\c@pgfmathroundto@lastzeros=\count291
)) (/mnt/sw/nix/store/80wb60hk9c9hbi1rzbnr6kdbbjknp4ch-texlive-20220321/texmf-dist/tex/generic/pgf/math/pgfint.code.tex) (/mnt/sw/nix/store/80wb60hk9c9hbi1rzbnr6kdbbjknp4ch-texlive-20220321/texmf-dist/tex/generic/pgf/basiclayer/pgfcorepoints.code.tex
File: pgfcorepoints.code.tex 2021/05/15 v3.1.9a (3.1.9a)
\pgf@picminx=\dimen171
\pgf@picmaxx=\dimen172
\pgf@picminy=\dimen173
\pgf@picmaxy=\dimen174
\pgf@pathminx=\dimen175
\pgf@pathmaxx=\dimen176
\pgf@pathminy=\dimen177
\pgf@pathmaxy=\dimen178
\pgf@xx=\dimen179
\pgf@xy=\dimen180
\pgf@yx=\dimen181
\pgf@yy=\dimen182
\pgf@zx=\dimen183
\pgf@zy=\dimen184
) (/mnt/sw/nix/store/80wb60hk9c9hbi1rzbnr6kdbbjknp4ch-texlive-20220321/texmf-dist/tex/generic/pgf/basiclayer/pgfcorepathconstruct.code.tex
File: pgfcorepathconstruct.code.tex 2021/05/15 v3.1.9a (3.1.9a)
\pgf@path@lastx=\dimen185
\pgf@path@lasty=\dimen186
) (/mnt/sw/nix/store/80wb60hk9c9hbi1rzbnr6kdbbjknp4ch-texlive-20220321/texmf-dist/tex/generic/pgf/basiclayer/pgfcorepathusage.code.tex
File: pgfcorepathusage.code.tex 2021/05/15 v3.1.9a (3.1.9a)
\pgf@shorten@end@additional=\dimen187
\pgf@shorten@start@additional=\dimen188
) (/mnt/sw/nix/store/80wb60hk9c9hbi1rzbnr6kdbbjknp4ch-texlive-20220321/texmf-dist/tex/generic/pgf/basiclayer/pgfcorescopes.code.tex
File: pgfcorescopes.code.tex 2021/05/15 v3.1.9a (3.1.9a)
\pgfpic=\box55
\pgf@hbox=\box56
\pgf@layerbox@main=\box57
\pgf@picture@serial@count=\count292
) (/mnt/sw/nix/store/80wb60hk9c9hbi1rzbnr6kdbbjknp4ch-texlive-20220321/texmf-dist/tex/generic/pgf/basiclayer/pgfcoregraphicstate.code.tex
File: pgfcoregraphicstate.code.tex 2021/05/15 v3.1.9a (3.1.9a)
\pgflinewidth=\dimen189
) (/mnt/sw/nix/store/80wb60hk9c9hbi1rzbnr6kdbbjknp4ch-texlive-20220321/texmf-dist/tex/generic/pgf/basiclayer/pgfcoretransformations.code.tex
File: pgfcoretransformations.code.tex 2021/05/15 v3.1.9a (3.1.9a)
\pgf@pt@x=\dimen190
\pgf@pt@y=\dimen191
\pgf@pt@temp=\dimen192
)
(/mnt/sw/nix/store/80wb60hk9c9hbi1rzbnr6kdbbjknp4ch-texlive-20220321/texmf-dist/tex/generic/pgf/basiclayer/pgfcorequick.code.tex
File: pgfcorequick.code.tex 2021/05/15 v3.1.9a (3.1.9a)
) (/mnt/sw/nix/store/80wb60hk9c9hbi1rzbnr6kdbbjknp4ch-texlive-20220321/texmf-dist/tex/generic/pgf/basiclayer/pgfcoreobjects.code.tex
File: pgfcoreobjects.code.tex 2021/05/15 v3.1.9a (3.1.9a)
) (/mnt/sw/nix/store/80wb60hk9c9hbi1rzbnr6kdbbjknp4ch-texlive-20220321/texmf-dist/tex/generic/pgf/basiclayer/pgfcorepathprocessing.code.tex
File: pgfcorepathprocessing.code.tex 2021/05/15 v3.1.9a (3.1.9a)
) (/mnt/sw/nix/store/80wb60hk9c9hbi1rzbnr6kdbbjknp4ch-texlive-20220321/texmf-dist/tex/generic/pgf/basiclayer/pgfcorearrows.code.tex
File: pgfcorearrows.code.tex 2021/05/15 v3.1.9a (3.1.9a)
\pgfarrowsep=\dimen193
) (/mnt/sw/nix/store/80wb60hk9c9hbi1rzbnr6kdbbjknp4ch-texlive-20220321/texmf-dist/tex/generic/pgf/basiclayer/pgfcoreshade.code.tex
File: pgfcoreshade.code.tex 2021/05/15 v3.1.9a (3.1.9a)
\pgf@max=\dimen194
\pgf@sys@shading@range@num=\count293
\pgf@shadingcount=\count294
) (/mnt/sw/nix/store/80wb60hk9c9hbi1rzbnr6kdbbjknp4ch-texlive-20220321/texmf-dist/tex/generic/pgf/basiclayer/pgfcoreimage.code.tex
File: pgfcoreimage.code.tex 2021/05/15 v3.1.9a (3.1.9a)
 (/mnt/sw/nix/store/80wb60hk9c9hbi1rzbnr6kdbbjknp4ch-texlive-20220321/texmf-dist/tex/generic/pgf/basiclayer/pgfcoreexternal.code.tex
File: pgfcoreexternal.code.tex 2021/05/15 v3.1.9a (3.1.9a)
\pgfexternal@startupbox=\box58
)) (/mnt/sw/nix/store/80wb60hk9c9hbi1rzbnr6kdbbjknp4ch-texlive-20220321/texmf-dist/tex/generic/pgf/basiclayer/pgfcorelayers.code.tex
File: pgfcorelayers.code.tex 2021/05/15 v3.1.9a (3.1.9a)
) (/mnt/sw/nix/store/80wb60hk9c9hbi1rzbnr6kdbbjknp4ch-texlive-20220321/texmf-dist/tex/generic/pgf/basiclayer/pgfcoretransparency.code.tex
File: pgfcoretransparency.code.tex 2021/05/15 v3.1.9a (3.1.9a)
) (/mnt/sw/nix/store/80wb60hk9c9hbi1rzbnr6kdbbjknp4ch-texlive-20220321/texmf-dist/tex/generic/pgf/basiclayer/pgfcorepatterns.code.tex
File: pgfcorepatterns.code.tex 2021/05/15 v3.1.9a (3.1.9a)
) (/mnt/sw/nix/store/80wb60hk9c9hbi1rzbnr6kdbbjknp4ch-texlive-20220321/texmf-dist/tex/generic/pgf/basiclayer/pgfcorerdf.code.tex
File: pgfcorerdf.code.tex 2021/05/15 v3.1.9a (3.1.9a)
))) (/mnt/sw/nix/store/80wb60hk9c9hbi1rzbnr6kdbbjknp4ch-texlive-20220321/texmf-dist/tex/generic/pgf/modules/pgfmoduleshapes.code.tex
File: pgfmoduleshapes.code.tex 2021/05/15 v3.1.9a (3.1.9a)
\pgfnodeparttextbox=\box59
) (/mnt/sw/nix/store/80wb60hk9c9hbi1rzbnr6kdbbjknp4ch-texlive-20220321/texmf-dist/tex/generic/pgf/modules/pgfmoduleplot.code.tex
File: pgfmoduleplot.code.tex 2021/05/15 v3.1.9a (3.1.9a)
) (/mnt/sw/nix/store/80wb60hk9c9hbi1rzbnr6kdbbjknp4ch-texlive-20220321/texmf-dist/tex/latex/pgf/compatibility/pgfcomp-version-0-65.sty
Package: pgfcomp-version-0-65 2021/05/15 v3.1.9a (3.1.9a)
\pgf@nodesepstart=\dimen195
\pgf@nodesepend=\dimen196
) (/mnt/sw/nix/store/80wb60hk9c9hbi1rzbnr6kdbbjknp4ch-texlive-20220321/texmf-dist/tex/latex/pgf/compatibility/pgfcomp-version-1-18.sty
Package: pgfcomp-version-1-18 2021/05/15 v3.1.9a (3.1.9a)
)) (/mnt/sw/nix/store/80wb60hk9c9hbi1rzbnr6kdbbjknp4ch-texlive-20220321/texmf-dist/tex/latex/tools/verbatim.sty
Package: verbatim 2020-07-07 v1.5u LaTeX2e package for verbatim enhancements
\every@verbatim=\toks32
\verbatim@line=\toks33
\verbatim@in@stream=\read3
) (/mnt/sw/nix/store/80wb60hk9c9hbi1rzbnr6kdbbjknp4ch-texlive-20220321/texmf-dist/tex/latex/environ/environ.sty
Package: environ 2014/05/04 v0.3 A new way to define environments
 (/mnt/sw/nix/store/80wb60hk9c9hbi1rzbnr6kdbbjknp4ch-texlive-20220321/texmf-dist/tex/latex/trimspaces/trimspaces.sty
Package: trimspaces 2009/09/17 v1.1 Trim spaces around a token list
)
\@envbody=\toks34
) (/mnt/sw/nix/store/80wb60hk9c9hbi1rzbnr6kdbbjknp4ch-texlive-20220321/texmf-dist/tex/latex/etoolbox/etoolbox.sty
Package: etoolbox 2020/10/05 v2.5k e-TeX tools for LaTeX (JAW)
\etb@tempcnta=\count295
)
\tcb@titlebox=\box60
\tcb@upperbox=\box61
\tcb@lowerbox=\box62
\tcb@phantombox=\box63
\c@tcbbreakpart=\count296
\c@tcblayer=\count297
\c@tcolorbox@number=\count298
\tcb@temp=\box64
\tcb@temp=\box65
\tcb@temp=\box66
\tcb@temp=\box67
 (/mnt/sw/nix/store/80wb60hk9c9hbi1rzbnr6kdbbjknp4ch-texlive-20220321/texmf-dist/tex/latex/tcolorbox/tcbraster.code.tex
Library (tcolorbox): 'tcbraster.code.tex' version '5.0.2'
\c@tcbrastercolumn=\count299
\c@tcbrasterrow=\count300
\c@tcbrasternum=\count301
\c@tcbraster=\count302
) (/mnt/sw/nix/store/80wb60hk9c9hbi1rzbnr6kdbbjknp4ch-texlive-20220321/texmf-dist/tex/latex/tcolorbox/tcbskins.code.tex
Library (tcolorbox): 'tcbskins.code.tex' version '5.0.2'
(/mnt/sw/nix/store/80wb60hk9c9hbi1rzbnr6kdbbjknp4ch-texlive-20220321/texmf-dist/tex/latex/pgf/frontendlayer/tikz.sty (/mnt/sw/nix/store/80wb60hk9c9hbi1rzbnr6kdbbjknp4ch-texlive-20220321/texmf-dist/tex/latex/pgf/utilities/pgffor.sty (/mnt/sw/nix/store/80wb60hk9c9hbi1rzbnr6kdbbjknp4ch-texlive-20220321/texmf-dist/tex/latex/pgf/utilities/pgfkeys.sty (/mnt/sw/nix/store/80wb60hk9c9hbi1rzbnr6kdbbjknp4ch-texlive-20220321/texmf-dist/tex/generic/pgf/utilities/pgfkeys.code.tex)) (/mnt/sw/nix/store/80wb60hk9c9hbi1rzbnr6kdbbjknp4ch-texlive-20220321/texmf-dist/tex/latex/pgf/math/pgfmath.sty (/mnt/sw/nix/store/80wb60hk9c9hbi1rzbnr6kdbbjknp4ch-texlive-20220321/texmf-dist/tex/generic/pgf/math/pgfmath.code.tex)) (/mnt/sw/nix/store/80wb60hk9c9hbi1rzbnr6kdbbjknp4ch-texlive-20220321/texmf-dist/tex/generic/pgf/utilities/pgffor.code.tex
Package: pgffor 2021/05/15 v3.1.9a (3.1.9a)
 (/mnt/sw/nix/store/80wb60hk9c9hbi1rzbnr6kdbbjknp4ch-texlive-20220321/texmf-dist/tex/generic/pgf/math/pgfmath.code.tex)
\pgffor@iter=\dimen197
\pgffor@skip=\dimen198
\pgffor@stack=\toks35
\pgffor@toks=\toks36
)) (/mnt/sw/nix/store/80wb60hk9c9hbi1rzbnr6kdbbjknp4ch-texlive-20220321/texmf-dist/tex/generic/pgf/frontendlayer/tikz/tikz.code.tex
Package: tikz 2021/05/15 v3.1.9a (3.1.9a)
 (/mnt/sw/nix/store/80wb60hk9c9hbi1rzbnr6kdbbjknp4ch-texlive-20220321/texmf-dist/tex/generic/pgf/libraries/pgflibraryplothandlers.code.tex
File: pgflibraryplothandlers.code.tex 2021/05/15 v3.1.9a (3.1.9a)
\pgf@plot@mark@count=\count303
\pgfplotmarksize=\dimen199
)
\tikz@lastx=\dimen256
\tikz@lasty=\dimen257
\tikz@lastxsaved=\dimen258
\tikz@lastysaved=\dimen259
\tikz@lastmovetox=\dimen260
\tikz@lastmovetoy=\dimen261
\tikzleveldistance=\dimen262
\tikzsiblingdistance=\dimen263
\tikz@figbox=\box68
\tikz@figbox@bg=\box69
\tikz@tempbox=\box70
\tikz@tempbox@bg=\box71
\tikztreelevel=\count304
\tikznumberofchildren=\count305
\tikznumberofcurrentchild=\count306
\tikz@fig@count=\count307
 (/mnt/sw/nix/store/80wb60hk9c9hbi1rzbnr6kdbbjknp4ch-texlive-20220321/texmf-dist/tex/generic/pgf/modules/pgfmodulematrix.code.tex
File: pgfmodulematrix.code.tex 2021/05/15 v3.1.9a (3.1.9a)
\pgfmatrixcurrentrow=\count308
\pgfmatrixcurrentcolumn=\count309
\pgf@matrix@numberofcolumns=\count310
)
\tikz@expandcount=\count311
 (/mnt/sw/nix/store/80wb60hk9c9hbi1rzbnr6kdbbjknp4ch-texlive-20220321/texmf-dist/tex/generic/pgf/frontendlayer/tikz/libraries/tikzlibrarytopaths.code.tex
File: tikzlibrarytopaths.code.tex 2021/05/15 v3.1.9a (3.1.9a)
)))
\tcb@waterbox=\box72
 (/mnt/sw/nix/store/80wb60hk9c9hbi1rzbnr6kdbbjknp4ch-texlive-20220321/texmf-dist/tex/latex/tcolorbox/tcbskinsjigsaw.code.tex
Library (tcolorbox): 'tcbskinsjigsaw.code.tex' version '5.0.2'
)) (/mnt/sw/nix/store/80wb60hk9c9hbi1rzbnr6kdbbjknp4ch-texlive-20220321/texmf-dist/tex/latex/tcolorbox/tcbbreakable.code.tex
Library (tcolorbox): 'tcbbreakable.code.tex' version '5.0.2'
(/mnt/sw/nix/store/80wb60hk9c9hbi1rzbnr6kdbbjknp4ch-texlive-20220321/texmf-dist/tex/generic/oberdiek/pdfcol.sty
Package: pdfcol 2019/12/29 v1.6 Handle new color stacks for pdfTeX (HO)
)
Package pdfcol Info: New color stack `tcb@breakable' = 1 on input line 23.
\tcb@testbox=\box73
\tcb@totalupperbox=\box74
\tcb@totallowerbox=\box75
) (/mnt/sw/nix/store/80wb60hk9c9hbi1rzbnr6kdbbjknp4ch-texlive-20220321/texmf-dist/tex/latex/tcolorbox/tcbhooks.code.tex
Library (tcolorbox): 'tcbhooks.code.tex' version '5.0.2'
) (/mnt/sw/nix/store/80wb60hk9c9hbi1rzbnr6kdbbjknp4ch-texlive-20220321/texmf-dist/tex/latex/tcolorbox/tcbtheorems.code.tex
Library (tcolorbox): 'tcbtheorems.code.tex' version '5.0.2'
(/mnt/sw/nix/store/80wb60hk9c9hbi1rzbnr6kdbbjknp4ch-texlive-20220321/texmf-dist/tex/latex/amsmath/amsmath.sty
Package: amsmath 2021/10/15 v2.17l AMS math features
\@mathmargin=\skip53

For additional information on amsmath, use the `?' option.
(/mnt/sw/nix/store/80wb60hk9c9hbi1rzbnr6kdbbjknp4ch-texlive-20220321/texmf-dist/tex/latex/amsmath/amstext.sty
Package: amstext 2021/08/26 v2.01 AMS text
 (/mnt/sw/nix/store/80wb60hk9c9hbi1rzbnr6kdbbjknp4ch-texlive-20220321/texmf-dist/tex/latex/amsmath/amsgen.sty
File: amsgen.sty 1999/11/30 v2.0 generic functions
\@emptytoks=\toks37
\ex@=\dimen264
)) (/mnt/sw/nix/store/80wb60hk9c9hbi1rzbnr6kdbbjknp4ch-texlive-20220321/texmf-dist/tex/latex/amsmath/amsbsy.sty
Package: amsbsy 1999/11/29 v1.2d Bold Symbols
\pmbraise@=\dimen265
) (/mnt/sw/nix/store/80wb60hk9c9hbi1rzbnr6kdbbjknp4ch-texlive-20220321/texmf-dist/tex/latex/amsmath/amsopn.sty
Package: amsopn 2021/08/26 v2.02 operator names
)
\inf@bad=\count312
LaTeX Info: Redefining \frac on input line 234.
\uproot@=\count313
\leftroot@=\count314
LaTeX Info: Redefining \overline on input line 399.
\classnum@=\count315
\DOTSCASE@=\count316
LaTeX Info: Redefining \ldots on input line 496.
LaTeX Info: Redefining \dots on input line 499.
LaTeX Info: Redefining \cdots on input line 620.
\Mathstrutbox@=\box76
\strutbox@=\box77
\big@size=\dimen266
LaTeX Font Info:    Redeclaring font encoding OML on input line 743.
LaTeX Font Info:    Redeclaring font encoding OMS on input line 744.
\macc@depth=\count317
\c@MaxMatrixCols=\count318
\dotsspace@=\muskip17
\c@parentequation=\count319
\dspbrk@lvl=\count320
\tag@help=\toks38
\row@=\count321
\column@=\count322
\maxfields@=\count323
\andhelp@=\toks39
\eqnshift@=\dimen267
\alignsep@=\dimen268
\tagshift@=\dimen269
\tagwidth@=\dimen270
\totwidth@=\dimen271
\lineht@=\dimen272
\@envbody=\toks40
\multlinegap=\skip54
\multlinetaggap=\skip55
\mathdisplay@stack=\toks41
LaTeX Info: Redefining \[ on input line 2938.
LaTeX Info: Redefining \] on input line 2939.
)) (/mnt/sw/nix/store/80wb60hk9c9hbi1rzbnr6kdbbjknp4ch-texlive-20220321/texmf-dist/tex/latex/tcolorbox/tcbfitting.code.tex
Library (tcolorbox): 'tcbfitting.code.tex' version '5.0.2'
\tcbfitdim=\dimen273
\tcb@lowerfitdim=\dimen274
\tcb@upperfitdim=\dimen275
\tcb@cur@hbadness=\count324
) (/mnt/sw/nix/store/80wb60hk9c9hbi1rzbnr6kdbbjknp4ch-texlive-20220321/texmf-dist/tex/latex/tcolorbox/tcbxparse.code.tex
Library (tcolorbox): 'tcbxparse.code.tex' version '5.0.2'
(/mnt/sw/nix/store/80wb60hk9c9hbi1rzbnr6kdbbjknp4ch-texlive-20220321/texmf-dist/tex/latex/l3packages/xparse/xparse.sty (/mnt/sw/nix/store/80wb60hk9c9hbi1rzbnr6kdbbjknp4ch-texlive-20220321/texmf-dist/tex/latex/l3kernel/expl3.sty
Package: expl3 2022-02-24 L3 programming layer (loader) 
 (/mnt/sw/nix/store/80wb60hk9c9hbi1rzbnr6kdbbjknp4ch-texlive-20220321/texmf-dist/tex/latex/l3backend/l3backend-pdftex.def
File: l3backend-pdftex.def 2022-02-07 L3 backend support: PDF output (pdfTeX)
\l__color_backend_stack_int=\count325
\l__pdf_internal_box=\box78
))
Package: xparse 2022-01-12 L3 Experimental document command parser
)) (/mnt/sw/nix/store/80wb60hk9c9hbi1rzbnr6kdbbjknp4ch-texlive-20220321/texmf-dist/tex/latex/tcolorbox/tcblistingsutf8.code.tex
Library (tcolorbox): 'tcblistingsutf8.code.tex' version '5.0.2'
(/mnt/sw/nix/store/80wb60hk9c9hbi1rzbnr6kdbbjknp4ch-texlive-20220321/texmf-dist/tex/latex/tcolorbox/tcblistings.code.tex
Library (tcolorbox): 'tcblistings.code.tex' version '5.0.2'
(/mnt/sw/nix/store/80wb60hk9c9hbi1rzbnr6kdbbjknp4ch-texlive-20220321/texmf-dist/tex/latex/tcolorbox/tcblistingscore.code.tex
Library (tcolorbox): 'tcblistingscore.code.tex' version '5.0.2'
(/mnt/sw/nix/store/80wb60hk9c9hbi1rzbnr6kdbbjknp4ch-texlive-20220321/texmf-dist/tex/latex/tcolorbox/tcbprocessing.code.tex
Library (tcolorbox): 'tcbprocessing.code.tex' version '5.0.2'
(/mnt/sw/nix/store/80wb60hk9c9hbi1rzbnr6kdbbjknp4ch-texlive-20220321/texmf-dist/tex/latex/tools/shellesc.sty
Package: shellesc 2019/11/08 v1.0c unified shell escape interface for LaTeX
Package shellesc Info: Unrestricted shell escape enabled on input line 75.
))
\c@tcblisting=\count326
)) (/mnt/sw/nix/store/80wb60hk9c9hbi1rzbnr6kdbbjknp4ch-texlive-20220321/texmf-dist/tex/latex/listingsutf8/listingsutf8.sty
Package: listingsutf8 2019-12-10 v1.5 Allow UTF-8 in listings input (HO)
 (/mnt/sw/nix/store/80wb60hk9c9hbi1rzbnr6kdbbjknp4ch-texlive-20220321/texmf-dist/tex/generic/stringenc/stringenc.sty
Package: stringenc 2019/11/29 v1.12 Convert strings between diff. encodings (HO)
))) (/mnt/sw/nix/store/80wb60hk9c9hbi1rzbnr6kdbbjknp4ch-texlive-20220321/texmf-dist/tex/latex/tcolorbox/tcbexternal.code.tex
Library (tcolorbox): 'tcbexternal.code.tex' version '5.0.2'
) (/mnt/sw/nix/store/80wb60hk9c9hbi1rzbnr6kdbbjknp4ch-texlive-20220321/texmf-dist/tex/latex/tcolorbox/tcbmagazine.code.tex
Library (tcolorbox): 'tcbmagazine.code.tex' version '5.0.2'
) (/mnt/sw/nix/store/80wb60hk9c9hbi1rzbnr6kdbbjknp4ch-texlive-20220321/texmf-dist/tex/latex/tcolorbox/tcbvignette.code.tex
Library (tcolorbox): 'tcbvignette.code.tex' version '5.0.2'
(/mnt/sw/nix/store/80wb60hk9c9hbi1rzbnr6kdbbjknp4ch-texlive-20220321/texmf-dist/tex/generic/pgf/frontendlayer/tikz/libraries/tikzlibraryfadings.code.tex
File: tikzlibraryfadings.code.tex 2021/05/15 v3.1.9a (3.1.9a)
 (/mnt/sw/nix/store/80wb60hk9c9hbi1rzbnr6kdbbjknp4ch-texlive-20220321/texmf-dist/tex/generic/pgf/libraries/pgflibraryfadings.code.tex
File: pgflibraryfadings.code.tex 2021/05/15 v3.1.9a (3.1.9a)
))) (/mnt/sw/nix/store/80wb60hk9c9hbi1rzbnr6kdbbjknp4ch-texlive-20220321/texmf-dist/tex/latex/tcolorbox/tcbposter.code.tex
Library (tcolorbox): 'tcbposter.code.tex' version '5.0.2'
)) (latex_output/MESA_session1.aux)
\openout1 = `MESA_session1.aux'.

LaTeX Font Info:    Checking defaults for OML/cmm/m/it on input line 61.
LaTeX Font Info:    ... okay on input line 61.
LaTeX Font Info:    Checking defaults for OMS/cmsy/m/n on input line 61.
LaTeX Font Info:    ... okay on input line 61.
LaTeX Font Info:    Checking defaults for OT1/cmr/m/n on input line 61.
LaTeX Font Info:    ... okay on input line 61.
LaTeX Font Info:    Checking defaults for T1/cmr/m/n on input line 61.
LaTeX Font Info:    ... okay on input line 61.
LaTeX Font Info:    Checking defaults for TS1/cmr/m/n on input line 61.
LaTeX Font Info:    ... okay on input line 61.
LaTeX Font Info:    Checking defaults for OMX/cmex/m/n on input line 61.
LaTeX Font Info:    ... okay on input line 61.
LaTeX Font Info:    Checking defaults for U/cmr/m/n on input line 61.
LaTeX Font Info:    ... okay on input line 61.
LaTeX Font Info:    Checking defaults for PD1/pdf/m/n on input line 61.
LaTeX Font Info:    ... okay on input line 61.
LaTeX Font Info:    Checking defaults for PU/pdf/m/n on input line 61.
LaTeX Font Info:    ... okay on input line 61.

*geometry* driver: auto-detecting
*geometry* detected driver: pdftex
*geometry* verbose mode - [ preamble ] result:
* driver: pdftex
* paper: a4paper
* layout: <same size as paper>
* layoutoffset:(h,v)=(0.0pt,0.0pt)
* modes: 
* h-part:(L,W,R)=(72.26999pt, 452.9679pt, 72.26999pt)
* v-part:(T,H,B)=(72.26999pt, 700.50687pt, 72.26999pt)
* \paperwidth=597.50787pt
* \paperheight=845.04684pt
* \textwidth=452.9679pt
* \textheight=700.50687pt
* \oddsidemargin=0.0pt
* \evensidemargin=0.0pt
* \topmargin=-37.0pt
* \headheight=12.0pt
* \headsep=25.0pt
* \topskip=11.0pt
* \footskip=30.0pt
* \marginparwidth=50.0pt
* \marginparsep=10.0pt
* \columnsep=10.0pt
* \skip\footins=10.0pt plus 4.0pt minus 2.0pt
* \hoffset=0.0pt
* \voffset=0.0pt
* \mag=1000
* \@twocolumnfalse
* \@twosidefalse
* \@mparswitchfalse
* \@reversemarginfalse
* (1in=72.27pt=25.4mm, 1cm=28.453pt)

Package hyperref Info: Link coloring OFF on input line 61.
(/mnt/sw/nix/store/80wb60hk9c9hbi1rzbnr6kdbbjknp4ch-texlive-20220321/texmf-dist/tex/latex/hyperref/nameref.sty
Package: nameref 2021-04-02 v2.47 Cross-referencing by name of section
 (/mnt/sw/nix/store/80wb60hk9c9hbi1rzbnr6kdbbjknp4ch-texlive-20220321/texmf-dist/tex/latex/refcount/refcount.sty
Package: refcount 2019/12/15 v3.6 Data extraction from label references (HO)
) (/mnt/sw/nix/store/80wb60hk9c9hbi1rzbnr6kdbbjknp4ch-texlive-20220321/texmf-dist/tex/generic/gettitlestring/gettitlestring.sty
Package: gettitlestring 2019/12/15 v1.6 Cleanup title references (HO)
)
\c@section@level=\count327
)
LaTeX Info: Redefining \ref on input line 61.
LaTeX Info: Redefining \pageref on input line 61.
LaTeX Info: Redefining \nameref on input line 61.
 (latex_output/MESA_session1.out) (latex_output/MESA_session1.out)
\@outlinefile=\write4
\openout4 = `MESA_session1.out'.

 (/mnt/sw/nix/store/80wb60hk9c9hbi1rzbnr6kdbbjknp4ch-texlive-20220321/texmf-dist/tex/context/base/mkii/supp-pdf.mkii
[Loading MPS to PDF converter (version 2006.09.02).]
\scratchcounter=\count328
\scratchdimen=\dimen276
\scratchbox=\box79
\nofMPsegments=\count329
\nofMParguments=\count330
\everyMPshowfont=\toks42
\MPscratchCnt=\count331
\MPscratchDim=\dimen277
\MPnumerator=\count332
\makeMPintoPDFobject=\count333
\everyMPtoPDFconversion=\toks43
) (/mnt/sw/nix/store/80wb60hk9c9hbi1rzbnr6kdbbjknp4ch-texlive-20220321/texmf-dist/tex/latex/epstopdf-pkg/epstopdf-base.sty
Package: epstopdf-base 2020-01-24 v2.11 Base part for package epstopdf
Package epstopdf-base Info: Redefining graphics rule for `.eps' on input line 485.
 (/mnt/sw/nix/store/80wb60hk9c9hbi1rzbnr6kdbbjknp4ch-texlive-20220321/texmf-dist/tex/latex/latexconfig/epstopdf-sys.cfg
File: epstopdf-sys.cfg 2010/07/13 v1.3 Configuration of (r)epstopdf for TeX Live
))
\c@lstlisting=\count334
LaTeX Font Info:    Font shape `OT1/cmtt/bx/n' in size <17.28> not available
(Font)              Font shape `OT1/cmtt/m/n' tried instead on input line 69.
LaTeX Font Info:    Font shape `OT1/cmtt/bx/n' in size <14.4> not available
(Font)              Font shape `OT1/cmtt/m/n' tried instead on input line 69.


LaTeX Warning: No \author given.

LaTeX Font Info:    Trying to load font information for TS1+cmtt on input line 114.
(/mnt/sw/nix/store/80wb60hk9c9hbi1rzbnr6kdbbjknp4ch-texlive-20220321/texmf-dist/tex/latex/base/ts1cmtt.fd
File: ts1cmtt.fd 2019/12/16 v2.5j Standard LaTeX font definitions
) [1

{/mnt/sw/nix/store/80wb60hk9c9hbi1rzbnr6kdbbjknp4ch-texlive-20220321/texmf-dist/fonts/map/pdftex/updmap/pdftex.map}]
LaTeX Font Info:    Font shape `OT1/cmtt/bx/n' in size <12> not available
(Font)              Font shape `OT1/cmtt/m/n' tried instead on input line 142.
 [2]
LaTeX Font Info:    Font shape `OT1/cmtt/bx/n' in size <10.95> not available
(Font)              Font shape `OT1/cmtt/m/n' tried instead on input line 228.
 [3] [4] [5]
Overfull \hbox (24.12463pt too wide) in paragraph at lines 335--336
\OT1/cmtt/m/n/10.95 PGSTAR \OT1/cmr/m/n/10.95 ([]$\OT1/cmtt/m/n/10.95 https : / / docs . mesastar . org / en / release-[]r22 . 05 . 1 / using _ mesa / using _ pgstar . html#$[]\OT1/cmr/m/n/10.95 )
 []

(latex_output/MESA_session1.bbl) [6] (latex_output/MESA_session1.aux)
Package rerunfilecheck Info: File `MESA_session1.out' has not changed.
(rerunfilecheck)             Checksum: 29A55FCA0B774F7726D9C53A996F6FA9;832.
 ) 
Here is how much of TeX's memory you used:
 27732 strings out of 478268
 570305 string characters out of 5824390
 1007969 words of memory out of 5000000
 45400 multiletter control sequences out of 15000+600000
 480357 words of font info for 69 fonts, out of 8000000 for 9000
 1141 hyphenation exceptions out of 8191
 99i,8n,104p,773b,1427s stack positions out of 10000i,1000n,20000p,200000b,200000s
{/mnt/sw/nix/store/80wb60hk9c9hbi1rzbnr6kdbbjknp4ch-texlive-20220321/texmf-dist/fonts/enc/dvips/cm-super/cm-super-ts1.enc}</mnt/sw/nix/store/80wb60hk9c9hbi1rzbnr6kdbbjknp4ch-texlive-20220321/texmf-dist/fonts/type1/public/amsfonts/cm/cmbx10.pfb></mnt/sw/nix/store/80wb60hk9c9hbi1rzbnr6kdbbjknp4ch-texlive-20220321/texmf-dist/fonts/type1/public/amsfonts/cm/cmbx12.pfb></mnt/sw/nix/store/80wb60hk9c9hbi1rzbnr6kdbbjknp4ch-texlive-20220321/texmf-dist/fonts/type1/public/amsfonts/cm/cmmi10.pfb></mnt/sw/nix/store/80wb60hk9c9hbi1rzbnr6kdbbjknp4ch-texlive-20220321/texmf-dist/fonts/type1/public/amsfonts/cm/cmr10.pfb></mnt/sw/nix/store/80wb60hk9c9hbi1rzbnr6kdbbjknp4ch-texlive-20220321/texmf-dist/fonts/type1/public/amsfonts/cm/cmr6.pfb></mnt/sw/nix/store/80wb60hk9c9hbi1rzbnr6kdbbjknp4ch-texlive-20220321/texmf-dist/fonts/type1/public/amsfonts/cm/cmr8.pfb></mnt/sw/nix/store/80wb60hk9c9hbi1rzbnr6kdbbjknp4ch-texlive-20220321/texmf-dist/fonts/type1/public/amsfonts/cm/cmr9.pfb></mnt/sw/nix/store/80wb60hk9c9hbi1rzbnr6kdbbjknp4ch-texlive-20220321/texmf-dist/fonts/type1/public/amsfonts/cm/cmsy10.pfb></mnt/sw/nix/store/80wb60hk9c9hbi1rzbnr6kdbbjknp4ch-texlive-20220321/texmf-dist/fonts/type1/public/amsfonts/cm/cmsy8.pfb></mnt/sw/nix/store/80wb60hk9c9hbi1rzbnr6kdbbjknp4ch-texlive-20220321/texmf-dist/fonts/type1/public/amsfonts/cm/cmti10.pfb></mnt/sw/nix/store/80wb60hk9c9hbi1rzbnr6kdbbjknp4ch-texlive-20220321/texmf-dist/fonts/type1/public/amsfonts/cm/cmtt10.pfb></mnt/sw/nix/store/80wb60hk9c9hbi1rzbnr6kdbbjknp4ch-texlive-20220321/texmf-dist/fonts/type1/public/amsfonts/cm/cmtt12.pfb></mnt/sw/nix/store/80wb60hk9c9hbi1rzbnr6kdbbjknp4ch-texlive-20220321/texmf-dist/fonts/type1/public/amsfonts/cm/cmtt9.pfb></mnt/sw/nix/store/80wb60hk9c9hbi1rzbnr6kdbbjknp4ch-texlive-20220321/texmf-dist/fonts/type1/public/cm-super/sfrm1095.pfb></mnt/sw/nix/store/80wb60hk9c9hbi1rzbnr6kdbbjknp4ch-texlive-20220321/texmf-dist/fonts/type1/public/cm-super/sftt1000.pfb></mnt/sw/nix/store/80wb60hk9c9hbi1rzbnr6kdbbjknp4ch-texlive-20220321/texmf-dist/fonts/type1/public/cm-super/sftt1095.pfb>
Output written on latex_output/MESA_session1.pdf (6 pages, 204104 bytes).
PDF statistics:
 292 PDF objects out of 1000 (max. 8388607)
 225 compressed objects within 3 object streams
 91 named destinations out of 1000 (max. 500000)
 205 words of extra memory for PDF output out of 10000 (max. 10000000)

